[33mServer got the following request:
GET temp1 HTTP/1.1
Host: 127.0.0.1 
Accept: */*
Connection: close

[0m
Request parsing completed GET temp1 HTTP/1.1
Host: 127.0.0.1 
Accept: */*
Connection: close

+ keep-alive: 0

[32mServer sent response:
HTTP/1.1 200 OK
Server: localhost
Content-Type: text/html
Content-Length: 52
Connection: close

<html><body><h2>Temperatura 1 = 2</h2></body></html>[0m
[33mServer got the following request:
GET temp2 HTTP/1.1
Host: 127.0.0.1 
Accept: */*
Connection: close

[0m
Request parsing completed GET temp2 HTTP/1.1
Host: 127.0.0.1 
Accept: */*
Connection: close

+ keep-alive: 0

[32mServer sent response:
HTTP/1.1 200 OK
Server: localhost
Content-Type: text/html
Content-Length: 52
Connection: close

<html><body><h2>Temperatura 2 = 4</h2></body></html>[0m
[33mServer got the following request:
POST temp1 HTTP/1.1
Host: 127.0.0.1 
Accept: */*
Content-Type: application/x-www-form-urlencoded
Content-Length: 2
Connection: close

10[0m
Request parsing completed POST temp1 HTTP/1.1
Host: 127.0.0.1 
Accept: */*
Content-Type: application/x-www-form-urlencoded
Content-Length: 2
Connection: close
10
+ keep-alive: 0

[32mServer sent response:
HTTP/1.1 200 OK
Server: localhost
Content-Type: text/html
Content-Length: 64
Connection: close

<html><body><h2>Ustawiono temperature 1 na 10</h2></body></html>[0m
[33mServer got the following request:
Hello
[0m
[32mServer sent response:
HTTP/1.1 400 Bad Request
Server: localhost

[0m
